<?xml version="1.0" encoding="UTF-8"?>
<!-- Generated by org.testng.reporters.JUnitReportReporter -->
<testsuite hostname="LAPTOP-OJRUUPC9" failures="0" tests="4" name="api.Tests.UserTests" time="10.961" errors="0" timestamp="2023-12-04T08:45:30 IST" skipped="0">
  <testcase classname="api.Tests.UserTests" name="testAddUser" time="6.293"/>
  <testcase classname="api.Tests.UserTests" name="testGetUser" time="1.169"/>
  <testcase classname="api.Tests.UserTests" name="testPutUser" time="2.354"/>
  <testcase classname="api.Tests.UserTests" name="testDeleteUser" time="1.145"/>
</testsuite> <!-- api.Tests.UserTests -->
